0 info it worked if it ends with ok
1 verbose cli [ 'C:\\Program Files (x86)\\nodejs\\node.exe',
1 verbose cli   'C:\\Program Files (x86)\\nodejs\\node_modules\\npm\\bin\\npm-cli.js',
1 verbose cli   'start' ]
2 info using npm@2.14.7
3 info using node@v4.2.3
4 verbose run-script [ 'prestart', 'start', 'poststart' ]
5 info prestart angular-require-typescript-poc@
6 info start angular-require-typescript-poc@
7 verbose unsafe-perm in lifecycle true
8 info angular-require-typescript-poc@ Failed to exec start script
9 verbose stack Error: angular-require-typescript-poc@ start: `grunt`
9 verbose stack Exit status 3
9 verbose stack     at EventEmitter.<anonymous> (C:\Program Files (x86)\nodejs\node_modules\npm\lib\utils\lifecycle.js:214:16)
9 verbose stack     at emitTwo (events.js:87:13)
9 verbose stack     at EventEmitter.emit (events.js:172:7)
9 verbose stack     at ChildProcess.<anonymous> (C:\Program Files (x86)\nodejs\node_modules\npm\lib\utils\spawn.js:24:14)
9 verbose stack     at emitTwo (events.js:87:13)
9 verbose stack     at ChildProcess.emit (events.js:172:7)
9 verbose stack     at maybeClose (internal/child_process.js:818:16)
9 verbose stack     at Process.ChildProcess._handle.onexit (internal/child_process.js:211:5)
10 verbose pkgid angular-require-typescript-poc@
11 verbose cwd D:\POC\art\angular-require-typescript
12 error Windows_NT 6.1.7601
13 error argv "C:\\Program Files (x86)\\nodejs\\node.exe" "C:\\Program Files (x86)\\nodejs\\node_modules\\npm\\bin\\npm-cli.js" "start"
14 error node v4.2.3
15 error npm  v2.14.7
16 error code ELIFECYCLE
17 error angular-require-typescript-poc@ start: `grunt`
17 error Exit status 3
18 error Failed at the angular-require-typescript-poc@ start script 'grunt'.
18 error This is most likely a problem with the angular-require-typescript-poc package,
18 error not with npm itself.
18 error Tell the author that this fails on your system:
18 error     grunt
18 error You can get their info via:
18 error     npm owner ls angular-require-typescript-poc
18 error There is likely additional logging output above.
19 verbose exit [ 1, true ]
